Arguments: 
  C:\Program Files\nodejs\node.exe C:\Users\wzy\AppData\Roaming\npm\node_modules\yarn\bin\yarn.js add player -S

PATH: 
  C:\Program Files\Git\mingw64\bin;C:\Program Files\Git\usr\bin;C:\Users\wzy\bin;C:\Program Files\Java\jdk1.8.0_112\bin;C:\Program Files\Java\jdk1.8.0_112\jre\bin;C:\Windows\system32;C:\Windows;C:\Windows\System32\Wbem;C:\Windows\System32\WindowsPowerShell\v1.0;D:\apache-tomcat-8.0.52\bin;D:\apache-tomcat-8.0.52\lib;D:\apache-maven-3.3.9\bin;C:\Program Files\nodejs;C:\Program Files\Git\cmd;C:\Users\wzy\AppData\Local\Microsoft\WindowsApps;C:\Program Files\Intel\WiFi\bin;C:\Program Files\Common Files\Intel\WirelessCommon;D:\vscode\Microsoft VS Code\bin;%ERLANG_HOME%\bin;C:\Program Files\Java\jdk1.8.0_112\bin;C:\Program Files\Java\jdk1.8.0_112\jre\bin;D:\apache-maven-3.3.9\bin;C:\Users\wzy\AppData\Local\Programs\Microsoft VS Code\bin;C:\Users\wzy\AppData\Roaming\npm

Yarn version: 
  1.16.0

Node version: 
  10.15.1

Platform: 
  win32 x64

Trace: 
  Error: ENOENT: no such file or directory, copyfile 'C:\Users\wzy\AppData\Local\Yarn\Cache\v4\npm-ansi-regex-3.0.0-ed0317c322064f79466c02966bddb605ab37d998\node_modules\ansi-regex\license' -> 'd:\gitLocalRepo\advancedcourse\lm\node\node_modules\string-width\node_modules\ansi-regex\license'

npm manifest: 
  {
    "name": "node",
    "version": "1.0.0",
    "description": "",
    "main": "index.js",
    "directories": {
      "lib": "lib"
    },
    "scripts": {
      "test": "echo \"Error: no test specified\" && exit 1"
    },
    "keywords": [],
    "author": "",
    "license": "ISC",
    "dependencies": {
      "inquirer": "^6.3.1",
      "request": "^2.88.0"
    }
  }

yarn manifest: 
  No manifest

Lockfile: 
  No lockfile
